Determining if the pthread_create exist failed with the following output:
Change Dir: /home/alexandre/documents/cours/2A/SEPC/sepc_tp1/build/CMakeFiles/CMakeTmp

Run Build Command:/usr/bin/make "cmTryCompileExec2409449663/fast"
/usr/bin/make -f CMakeFiles/cmTryCompileExec2409449663.dir/build.make CMakeFiles/cmTryCompileExec2409449663.dir/build
make[1]: entrant dans le répertoire « /home/alexandre/documents/cours/2A/SEPC/sepc_tp1/build/CMakeFiles/CMakeTmp »
/usr/bin/cmake -E cmake_progress_report /home/alexandre/documents/cours/2A/SEPC/sepc_tp1/build/CMakeFiles/CMakeTmp/CMakeFiles 1
Building C object CMakeFiles/cmTryCompileExec2409449663.dir/CheckSymbolExists.c.o
/usr/bin/cc    -o CMakeFiles/cmTryCompileExec2409449663.dir/CheckSymbolExists.c.o   -c /home/alexandre/documents/cours/2A/SEPC/sepc_tp1/build/CMakeFiles/CMakeTmp/CheckSymbolExists.c
Linking C executable cmTryCompileExec2409449663
/usr/bin/cmake -E cmake_link_script CMakeFiles/cmTryCompileExec2409449663.dir/link.txt --verbose=1
/usr/bin/cc         CMakeFiles/cmTryCompileExec2409449663.dir/CheckSymbolExists.c.o  -o cmTryCompileExec2409449663 -rdynamic 
CMakeFiles/cmTryCompileExec2409449663.dir/CheckSymbolExists.c.o: dans la fonction « main »:
CheckSymbolExists.c:(.text+0xa): référence indéfinie vers « pthread_create »
collect2: erreur: ld a retourné 1 code d'état d'exécution
make[1]: *** [cmTryCompileExec2409449663] Erreur 1
make[1]: quittant le répertoire « /home/alexandre/documents/cours/2A/SEPC/sepc_tp1/build/CMakeFiles/CMakeTmp »
make: *** [cmTryCompileExec2409449663/fast] Erreur 2

File /home/alexandre/documents/cours/2A/SEPC/sepc_tp1/build/CMakeFiles/CMakeTmp/CheckSymbolExists.c:
/* */
#include <pthread.h>

int main(int argc, char** argv)
{
  (void)argv;
#ifndef pthread_create
  return ((int*)(&pthread_create))[argc];
#else
  (void)argc;
  return 0;
#endif
}

Determining if the function pthread_create exists in the pthreads failed with the following output:
Change Dir: /home/alexandre/documents/cours/2A/SEPC/sepc_tp1/build/CMakeFiles/CMakeTmp

Run Build Command:/usr/bin/make "cmTryCompileExec655601204/fast"
/usr/bin/make -f CMakeFiles/cmTryCompileExec655601204.dir/build.make CMakeFiles/cmTryCompileExec655601204.dir/build
make[1]: entrant dans le répertoire « /home/alexandre/documents/cours/2A/SEPC/sepc_tp1/build/CMakeFiles/CMakeTmp »
/usr/bin/cmake -E cmake_progress_report /home/alexandre/documents/cours/2A/SEPC/sepc_tp1/build/CMakeFiles/CMakeTmp/CMakeFiles 1
Building C object CMakeFiles/cmTryCompileExec655601204.dir/CheckFunctionExists.c.o
/usr/bin/cc   -DCHECK_FUNCTION_EXISTS=pthread_create   -o CMakeFiles/cmTryCompileExec655601204.dir/CheckFunctionExists.c.o   -c /usr/share/cmake-2.8/Modules/CheckFunctionExists.c
Linking C executable cmTryCompileExec655601204
/usr/bin/cmake -E cmake_link_script CMakeFiles/cmTryCompileExec655601204.dir/link.txt --verbose=1
/usr/bin/cc     -DCHECK_FUNCTION_EXISTS=pthread_create    CMakeFiles/cmTryCompileExec655601204.dir/CheckFunctionExists.c.o  -o cmTryCompileExec655601204 -rdynamic -lpthreads 
/usr/bin/ld: ne peut trouver -lpthreads
collect2: erreur: ld a retourné 1 code d'état d'exécution
make[1]: *** [cmTryCompileExec655601204] Erreur 1
make[1]: quittant le répertoire « /home/alexandre/documents/cours/2A/SEPC/sepc_tp1/build/CMakeFiles/CMakeTmp »
make: *** [cmTryCompileExec655601204/fast] Erreur 2


